<?xml version="1.0" encoding="UTF-8"?>
<!-- Generated by org.testng.reporters.JUnitReportReporter -->
<testsuite hostname="LAPTOP-KPVVP95R" failures="0" tests="1" name="day3.passingXMLRespones" time="3.020" errors="0" timestamp="2023-03-14T10:26:48 IST" skipped="0">
  <testcase classname="day3.passingXMLRespones" name="testXMLResponesBody" time="3.020"/>
  <system-out/>
</testsuite> <!-- day3.passingXMLRespones -->
