<?xml version="1.0" encoding="UTF-8"?>
<!-- Generated by org.testng.reporters.JUnitReportReporter -->
<testsuite hostname="LAPTOP-KPVVP95R" failures="0" tests="1" name="day3.pathAndQueryParameters" time="2.186" errors="0" timestamp="2023-02-03T21:48:57 IST" skipped="0">
  <testcase classname="day3.pathAndQueryParameters" name="testPathParameter" time="2.186"/>
  <system-out/>
</testsuite> <!-- day3.pathAndQueryParameters -->
