<?xml version="1.0" encoding="UTF-8"?>
<!-- Generated by org.testng.reporters.JUnitReportReporter -->
<testsuite hostname="LAPTOP-KPVVP95R" failures="0" tests="2" name="day2.HTTPRequest" time="4.356" errors="0" timestamp="2023-02-02T22:48:16 IST" skipped="0">
  <testcase classname="day2.HTTPRequest" name="postUserData" time="3.725"/>
  <system-out/>
  <testcase classname="day2.HTTPRequest" name="testDelete" time="0.631"/>
  <system-out/>
</testsuite> <!-- day2.HTTPRequest -->
