<?xml version="1.0" encoding="UTF-8"?>
<!-- Generated by org.testng.reporters.JUnitReportReporter -->
<testsuite hostname="LAPTOP-KPVVP95R" failures="0" tests="1" name="day3.CookiesDemo" time="2.090" errors="0" timestamp="2023-02-03T22:18:42 IST" skipped="0">
  <testcase classname="day3.CookiesDemo" name="getCookies" time="2.090"/>
  <system-out/>
</testsuite> <!-- day3.CookiesDemo -->
