<?xml version="1.0" encoding="UTF-8"?>
<!-- Generated by org.testng.reporters.JUnitReportReporter -->
<testsuite hostname="LAPTOP-KPVVP95R" failures="0" tests="4" name="day1.HTTPRequests" time="4.376" errors="0" timestamp="2023-02-02T22:46:35 IST" skipped="0">
  <testcase classname="day1.HTTPRequests" name="getUsers" time="2.380"/>
  <system-out/>
  <testcase classname="day1.HTTPRequests" name="createUser" time="0.883"/>
  <system-out/>
  <testcase classname="day1.HTTPRequests" name="updateUser" time="0.568"/>
  <system-out/>
  <testcase classname="day1.HTTPRequests" name="deleteUser" time="0.545"/>
  <system-out/>
</testsuite> <!-- day1.HTTPRequests -->
